# JRE version: OpenJDK Runtime Environment (Zulu 8.52.0.23-CA-win64) (8.0_282-b08) (build 1.8.0_282-b08)
# Java VM: OpenJDK 64-Bit Server VM (25.282-b08 mixed mode windows-amd64 compressed oops)
Heap:
 PSYoungGen      total 193536K, used 81242K [0x00000000d5580000, 0x00000000e2180000, 0x0000000100000000)
  eden space 183296K, 38% used [0x00000000d5580000,0x00000000d9adc168,0x00000000e0880000)
  from space 10240K, 99% used [0x00000000e1700000,0x00000000e20fa9a0,0x00000000e2100000)
  to   space 12800K, 0% used [0x00000000e0880000,0x00000000e0880000,0x00000000e1500000)
 ParOldGen       total 64512K, used 12928K [0x0000000080000000, 0x0000000083f00000, 0x00000000d5580000)
  object space 64512K, 20% used [0x0000000080000000,0x0000000080ca0380,0x0000000083f00000)
 Metaspace       used 30673K, capacity 31556K, committed 31872K, reserved 1077248K
  class space    used 3638K, capacity 3906K, committed 3968K, reserved 1048576K
GC Heap History (10 events):
Event: 2.494 GC heap before
{Heap before GC invocations=5 (full 0):
 PSYoungGen      total 71680K, used 71676K [0x00000000d5580000, 0x00000000da080000, 0x0000000100000000)
  eden space 66560K, 100% used [0x00000000d5580000,0x00000000d9680000,0x00000000d9680000)
  from space 5120K, 99% used [0x00000000d9b80000,0x00000000da07f350,0x00000000da080000)
  to   space 5120K, 0% used [0x00000000d9680000,0x00000000d9680000,0x00000000d9b80000)
 ParOldGen       total 87552K, used 583K [0x0000000080000000, 0x0000000085580000, 0x00000000d5580000)
  object space 87552K, 0% used [0x0000000080000000,0x0000000080091c30,0x0000000085580000)
 Metaspace       used 17109K, capacity 17376K, committed 17664K, reserved 1064960K
  class space    used 1836K, capacity 1940K, committed 2048K, reserved 1048576K
Event: 2.504 GC heap after
Heap after GC invocations=5 (full 0):
 PSYoungGen      total 71680K, used 5102K [0x00000000d5580000, 0x00000000de880000, 0x0000000100000000)
  eden space 66560K, 0% used [0x00000000d5580000,0x00000000d5580000,0x00000000d9680000)
  from space 5120K, 99% used [0x00000000d9680000,0x00000000d9b7ba60,0x00000000d9b80000)
  to   space 8704K, 0% used [0x00000000de000000,0x00000000de000000,0x00000000de880000)
 ParOldGen       total 87552K, used 4103K [0x0000000080000000, 0x0000000085580000, 0x00000000d5580000)
  object space 87552K, 4% used [0x0000000080000000,0x0000000080401e60,0x0000000085580000)
 Metaspace       used 17109K, capacity 17376K, committed 17664K, reserved 1064960K
  class space    used 1836K, capacity 1940K, committed 2048K, reserved 1048576K
}
Event: 3.362 GC heap before
{Heap before GC invocations=6 (full 0):
 PSYoungGen      total 71680K, used 70987K [0x00000000d5580000, 0x00000000de880000, 0x0000000100000000)
  eden space 66560K, 98% used [0x00000000d5580000,0x00000000d95d7380,0x00000000d9680000)
  from space 5120K, 99% used [0x00000000d9680000,0x00000000d9b7ba60,0x00000000d9b80000)
  to   space 8704K, 0% used [0x00000000de000000,0x00000000de000000,0x00000000de880000)
 ParOldGen       total 87552K, used 4103K [0x0000000080000000, 0x0000000085580000, 0x00000000d5580000)
  object space 87552K, 4% used [0x0000000080000000,0x0000000080401e60,0x0000000085580000)
 Metaspace       used 20740K, capacity 21004K, committed 21296K, reserved 1069056K
  class space    used 2311K, capacity 2422K, committed 2432K, reserved 1048576K
Event: 3.374 GC heap after
Heap after GC invocations=6 (full 0):
 PSYoungGen      total 140288K, used 8696K [0x00000000d5580000, 0x00000000deb80000, 0x0000000100000000)
  eden space 131584K, 0% used [0x00000000d5580000,0x00000000d5580000,0x00000000dd600000)
  from space 8704K, 99% used [0x00000000de000000,0x00000000de87e208,0x00000000de880000)
  to   space 10240K, 0% used [0x00000000dd600000,0x00000000dd600000,0x00000000de000000)
 ParOldGen       total 87552K, used 4488K [0x0000000080000000, 0x0000000085580000, 0x00000000d5580000)
  object space 87552K, 5% used [0x0000000080000000,0x0000000080462358,0x0000000085580000)
 Metaspace       used 20740K, capacity 21004K, committed 21296K, reserved 1069056K
  class space    used 2311K, capacity 2422K, committed 2432K, reserved 1048576K
}
Event: 3.374 GC heap before
{Heap before GC invocations=7 (full 1):
 PSYoungGen      total 140288K, used 8696K [0x00000000d5580000, 0x00000000deb80000, 0x0000000100000000)
  eden space 131584K, 0% used [0x00000000d5580000,0x00000000d5580000,0x00000000dd600000)
  from space 8704K, 99% used [0x00000000de000000,0x00000000de87e208,0x00000000de880000)
  to   space 10240K, 0% used [0x00000000dd600000,0x00000000dd600000,0x00000000de000000)
 ParOldGen       total 87552K, used 4488K [0x0000000080000000, 0x0000000085580000, 0x00000000d5580000)
  object space 87552K, 5% used [0x0000000080000000,0x0000000080462358,0x0000000085580000)
 Metaspace       used 20740K, capacity 21004K, committed 21296K, reserved 1069056K
  class space    used 2311K, capacity 2422K, committed 2432K, reserved 1048576K
Event: 3.424 GC heap after
Heap after GC invocations=7 (full 1):
 PSYoungGen      total 140288K, used 0K [0x00000000d5580000, 0x00000000deb80000, 0x0000000100000000)
  eden space 131584K, 0% used [0x00000000d5580000,0x00000000d5580000,0x00000000dd600000)
  from space 8704K, 0% used [0x00000000de000000,0x00000000de000000,0x00000000de880000)
  to   space 10240K, 0% used [0x00000000dd600000,0x00000000dd600000,0x00000000de000000)
 ParOldGen       total 64512K, used 10333K [0x0000000080000000, 0x0000000083f00000, 0x00000000d5580000)
  object space 64512K, 16% used [0x0000000080000000,0x0000000080a177e8,0x0000000083f00000)
 Metaspace       used 20740K, capacity 21004K, committed 21296K, reserved 1069056K
  class space    used 2311K, capacity 2422K, committed 2432K, reserved 1048576K
}
Event: 4.238 GC heap before
{Heap before GC invocations=8 (full 1):
 PSYoungGen      total 140288K, used 131584K [0x00000000d5580000, 0x00000000deb80000, 0x0000000100000000)
  eden space 131584K, 100% used [0x00000000d5580000,0x00000000dd600000,0x00000000dd600000)
  from space 8704K, 0% used [0x00000000de000000,0x00000000de000000,0x00000000de880000)
  to   space 10240K, 0% used [0x00000000dd600000,0x00000000dd600000,0x00000000de000000)
 ParOldGen       total 64512K, used 10333K [0x0000000080000000, 0x0000000083f00000, 0x00000000d5580000)
  object space 64512K, 16% used [0x0000000080000000,0x0000000080a177e8,0x0000000083f00000)
 Metaspace       used 22208K, capacity 22520K, committed 22704K, reserved 1069056K
  class space    used 2435K, capacity 2541K, committed 2560K, reserved 1048576K
Event: 4.242 GC heap after
Heap after GC invocations=8 (full 1):
 PSYoungGen      total 141824K, used 2837K [0x00000000d5580000, 0x00000000e2100000, 0x0000000100000000)
  eden space 131584K, 0% used [0x00000000d5580000,0x00000000d5580000,0x00000000dd600000)
  from space 10240K, 27% used [0x00000000dd600000,0x00000000dd8c5708,0x00000000de000000)
  to   space 10240K, 0% used [0x00000000e1700000,0x00000000e1700000,0x00000000e2100000)
 ParOldGen       total 64512K, used 10341K [0x0000000080000000, 0x0000000083f00000, 0x00000000d5580000)
  object space 64512K, 16% used [0x0000000080000000,0x0000000080a197e8,0x0000000083f00000)
 Metaspace       used 22208K, capacity 22520K, committed 22704K, reserved 1069056K
  class space    used 2435K, capacity 2541K, committed 2560K, reserved 1048576K
}
Event: 6.534 GC heap before
{Heap before GC invocations=9 (full 1):
 PSYoungGen      total 141824K, used 134421K [0x00000000d5580000, 0x00000000e2100000, 0x0000000100000000)
  eden space 131584K, 100% used [0x00000000d5580000,0x00000000dd600000,0x00000000dd600000)
  from space 10240K, 27% used [0x00000000dd600000,0x00000000dd8c5708,0x00000000de000000)
  to   space 10240K, 0% used [0x00000000e1700000,0x00000000e1700000,0x00000000e2100000)
 ParOldGen       total 64512K, used 10341K [0x0000000080000000, 0x0000000083f00000, 0x00000000d5580000)
  object space 64512K, 16% used [0x0000000080000000,0x0000000080a197e8,0x0000000083f00000)
 Metaspace       used 28455K, capacity 29200K, committed 29440K, reserved 1075200K
  class space    used 3345K, capacity 3555K, committed 3584K, reserved 1048576K
Event: 6.546 GC heap after
Heap after GC invocations=9 (full 1):
 PSYoungGen      total 193536K, used 10218K [0x00000000d5580000, 0x00000000e2180000, 0x0000000100000000)
  eden space 183296K, 0% used [0x00000000d5580000,0x00000000d5580000,0x00000000e0880000)
  from space 10240K, 99% used [0x00000000e1700000,0x00000000e20fa9a0,0x00000000e2100000)
  to   space 12800K, 0% used [0x00000000e0880000,0x00000000e0880000,0x00000000e1500000)
 ParOldGen       total 64512K, used 12928K [0x0000000080000000, 0x0000000083f00000, 0x00000000d5580000)
  object space 64512K, 20% used [0x0000000080000000,0x0000000080ca0380,0x0000000083f00000)
 Metaspace       used 28455K, capacity 29200K, committed 29440K, reserved 1075200K
  class space    used 3345K, capacity 3555K, committed 3584K, reserved 1048576K
}

